c:\users\jun hyeon\desktop\deadforest\deadcreator\cocos2d\cocos\2d\x64\debug\assetsmanager.obj
c:\users\jun hyeon\desktop\deadforest\deadcreator\cocos2d\cocos\2d\x64\debug\manifest.obj
c:\users\jun hyeon\desktop\deadforest\deadcreator\cocos2d\cocos\2d\x64\debug\cccontrolbutton.obj
c:\users\jun hyeon\desktop\deadforest\deadcreator\cocos2d\cocos\2d\x64\debug\cccontrolsaturationbrightnesspicker.obj
c:\users\jun hyeon\desktop\deadforest\deadcreator\cocos2d\cocos\2d\x64\debug\cceventassetsmanagerex.obj
c:\users\jun hyeon\desktop\deadforest\deadcreator\cocos2d\cocos\2d\x64\debug\cccontrol.obj
c:\users\jun hyeon\desktop\deadforest\deadcreator\cocos2d\cocos\2d\x64\debug\cccontrolhuepicker.obj
c:\users\jun hyeon\desktop\deadforest\deadcreator\cocos2d\cocos\2d\x64\debug\assetsmanagerex.obj
c:\users\jun hyeon\desktop\deadforest\deadcreator\cocos2d\cocos\2d\x64\debug\cccontrolcolourpicker.obj
c:\users\jun hyeon\desktop\deadforest\deadcreator\cocos2d\cocos\2d\x64\debug\cccontrolpotentiometer.obj
c:\users\jun hyeon\desktop\deadforest\deadcreator\cocos2d\cocos\2d\x64\debug\cccontrolslider.obj
c:\users\jun hyeon\desktop\deadforest\deadcreator\cocos2d\cocos\2d\x64\debug\cccontrolutils.obj
c:\users\jun hyeon\desktop\deadforest\deadcreator\cocos2d\cocos\2d\x64\debug\cctableview.obj
c:\users\jun hyeon\desktop\deadforest\deadcreator\cocos2d\cocos\2d\x64\debug\ccparticle3demitter.obj
c:\users\jun hyeon\desktop\deadforest\deadcreator\cocos2d\cocos\2d\x64\debug\ccparticlesystem3d.obj
c:\users\jun hyeon\desktop\deadforest\deadcreator\cocos2d\cocos\2d\x64\debug\cccontrolswitch.obj
c:\users\jun hyeon\desktop\deadforest\deadcreator\cocos2d\cocos\2d\x64\debug\ccscrollview.obj
c:\users\jun hyeon\desktop\deadforest\deadcreator\cocos2d\cocos\2d\x64\debug\ccparticle3drender.obj
c:\users\jun hyeon\desktop\deadforest\deadcreator\cocos2d\cocos\2d\x64\debug\cccontrolstepper.obj
c:\users\jun hyeon\desktop\deadforest\deadcreator\cocos2d\cocos\2d\x64\debug\ccinvocation.obj
c:\users\jun hyeon\desktop\deadforest\deadcreator\cocos2d\cocos\2d\x64\debug\cctableviewcell.obj
c:\users\jun hyeon\desktop\deadforest\deadcreator\cocos2d\cocos\2d\x64\debug\ccparticle3daffector.obj
c:\users\jun hyeon\desktop\deadforest\deadcreator\cocos2d\cocos\2d\x64\debug\ccpuaffector.obj
c:\users\jun hyeon\desktop\deadforest\deadcreator\cocos2d\cocos\2d\x64\debug\ccpualignaffector.obj
c:\users\jun hyeon\desktop\deadforest\deadcreator\cocos2d\cocos\2d\x64\debug\ccpualignaffectortranslator.obj
c:\users\jun hyeon\desktop\deadforest\deadcreator\cocos2d\cocos\2d\x64\debug\ccpubaseforceaffector.obj
c:\users\jun hyeon\desktop\deadforest\deadcreator\cocos2d\cocos\2d\x64\debug\ccpubehaviour.obj
c:\users\jun hyeon\desktop\deadforest\deadcreator\cocos2d\cocos\2d\x64\debug\ccpubehaviourtranslator.obj
c:\users\jun hyeon\desktop\deadforest\deadcreator\cocos2d\cocos\2d\x64\debug\ccpuaffectormanager.obj
c:\users\jun hyeon\desktop\deadforest\deadcreator\cocos2d\cocos\2d\x64\debug\ccpubasecollider.obj
c:\users\jun hyeon\desktop\deadforest\deadcreator\cocos2d\cocos\2d\x64\debug\ccpubaseforceaffectortranslator.obj
c:\users\jun hyeon\desktop\deadforest\deadcreator\cocos2d\cocos\2d\x64\debug\ccpubehaviourmanager.obj
c:\users\jun hyeon\desktop\deadforest\deadcreator\cocos2d\cocos\2d\x64\debug\ccpubillboardchain.obj
c:\users\jun hyeon\desktop\deadforest\deadcreator\cocos2d\cocos\2d\x64\debug\ccpuaffectortranslator.obj
c:\users\jun hyeon\desktop\deadforest\deadcreator\cocos2d\cocos\2d\x64\debug\ccpubasecollidertranslator.obj
c:\users\jun hyeon\desktop\deadforest\deadcreator\cocos2d\cocos\2d\x64\debug\ccpubeamrender.obj
c:\users\jun hyeon\desktop\deadforest\deadcreator\cocos2d\cocos\2d\x64\debug\ccpuboxcollider.obj
c:\users\jun hyeon\desktop\deadforest\deadcreator\cocos2d\cocos\2d\x64\debug\ccpuboxemittertranslator.obj
c:\users\jun hyeon\desktop\deadforest\deadcreator\cocos2d\cocos\2d\x64\debug\ccpucollisionavoidanceaffectortranslator.obj
c:\users\jun hyeon\desktop\deadforest\deadcreator\cocos2d\cocos\2d\x64\debug\ccpudoaffectoreventhandler.obj
c:\users\jun hyeon\desktop\deadforest\deadcreator\cocos2d\cocos\2d\x64\debug\ccpudoenablecomponenteventhandlertranslator.obj
c:\users\jun hyeon\desktop\deadforest\deadcreator\cocos2d\cocos\2d\x64\debug\ccpuboxemitter.obj
c:\users\jun hyeon\desktop\deadforest\deadcreator\cocos2d\cocos\2d\x64\debug\ccpucircleemitter.obj
c:\users\jun hyeon\desktop\deadforest\deadcreator\cocos2d\cocos\2d\x64\debug\ccpucollisionavoidanceaffector.obj
c:\users\jun hyeon\desktop\deadforest\deadcreator\cocos2d\cocos\2d\x64\debug\ccpucoloraffectortranslator.obj
c:\users\jun hyeon\desktop\deadforest\deadcreator\cocos2d\cocos\2d\x64\debug\ccpudoenablecomponenteventhandler.obj
c:\users\jun hyeon\desktop\deadforest\deadcreator\cocos2d\cocos\2d\x64\debug\ccpuboxcollidertranslator.obj
c:\users\jun hyeon\desktop\deadforest\deadcreator\cocos2d\cocos\2d\x64\debug\ccpucircleemittertranslator.obj
c:\users\jun hyeon\desktop\deadforest\deadcreator\cocos2d\cocos\2d\x64\debug\ccpucoloraffector.obj
c:\users\jun hyeon\desktop\deadforest\deadcreator\cocos2d\cocos\2d\x64\debug\ccpudoaffectoreventhandlertranslator.obj
c:\users\jun hyeon\desktop\deadforest\deadcreator\cocos2d\cocos\2d\x64\debug\ccpudoexpireeventhandler.obj
c:\users\jun hyeon\desktop\deadforest\deadcreator\cocos2d\cocos\2d\x64\debug\ccpudofreezeeventhandler.obj
c:\users\jun hyeon\desktop\deadforest\deadcreator\cocos2d\cocos\2d\x64\debug\ccpudoplacementparticleeventhandler.obj
c:\users\jun hyeon\desktop\deadforest\deadcreator\cocos2d\cocos\2d\x64\debug\ccpudoscaleeventhandlertranslator.obj
c:\users\jun hyeon\desktop\deadforest\deadcreator\cocos2d\cocos\2d\x64\debug\ccpudynamicattribute.obj
c:\users\jun hyeon\desktop\deadforest\deadcreator\cocos2d\cocos\2d\x64\debug\ccpuemittermanager.obj
c:\users\jun hyeon\desktop\deadforest\deadcreator\cocos2d\cocos\2d\x64\debug\ccpudoexpireeventhandlertranslator.obj
c:\users\jun hyeon\desktop\deadforest\deadcreator\cocos2d\cocos\2d\x64\debug\ccpudoscaleeventhandler.obj
c:\users\jun hyeon\desktop\deadforest\deadcreator\cocos2d\cocos\2d\x64\debug\ccpudostopsystemeventhandler.obj
c:\users\jun hyeon\desktop\deadforest\deadcreator\cocos2d\cocos\2d\x64\debug\ccpudynamicattributetranslator.obj
c:\users\jun hyeon\desktop\deadforest\deadcreator\cocos2d\cocos\2d\x64\debug\ccpuemittertranslator.obj
c:\users\jun hyeon\desktop\deadforest\deadcreator\cocos2d\cocos\2d\x64\debug\ccpudofreezeeventhandlertranslator.obj
c:\users\jun hyeon\desktop\deadforest\deadcreator\cocos2d\cocos\2d\x64\debug\ccpudoplacementparticleeventhandlertranslator.obj
c:\users\jun hyeon\desktop\deadforest\deadcreator\cocos2d\cocos\2d\x64\debug\ccpudostopsystemeventhandlertranslator.obj
c:\users\jun hyeon\desktop\deadforest\deadcreator\cocos2d\cocos\2d\x64\debug\ccpuemitter.obj
c:\users\jun hyeon\desktop\deadforest\deadcreator\cocos2d\cocos\2d\x64\debug\libcocos2d.vcxprojresolveassemblyreference.cache
c:\users\jun hyeon\desktop\deadforest\deadcreator\cocos2d\cocos\2d\x64\debug\libcocos2d.tlog\cl.command.1.tlog
c:\users\jun hyeon\desktop\deadforest\deadcreator\cocos2d\cocos\2d\x64\debug\libcocos2d.tlog\cl.read.1.tlog
c:\users\jun hyeon\desktop\deadforest\deadcreator\cocos2d\cocos\2d\x64\debug\libcocos2d.tlog\cl.write.1.tlog
