c:\users\jun hyeon\desktop\deadforest\deadcreator\cocos2d\cocos\editor-support\spine\proj.win32\x64\debug\animation.obj
c:\users\jun hyeon\desktop\deadforest\deadcreator\cocos2d\cocos\editor-support\spine\proj.win32\x64\debug\bone.obj
c:\users\jun hyeon\desktop\deadforest\deadcreator\cocos2d\cocos\editor-support\spine\proj.win32\x64\debug\eventdata.obj
c:\users\jun hyeon\desktop\deadforest\deadcreator\cocos2d\cocos\editor-support\spine\proj.win32\x64\debug\json.obj
c:\users\jun hyeon\desktop\deadforest\deadcreator\cocos2d\cocos\editor-support\spine\proj.win32\x64\debug\skeletonbounds.obj
c:\users\jun hyeon\desktop\deadforest\deadcreator\cocos2d\cocos\editor-support\spine\proj.win32\x64\debug\skinnedmeshattachment.obj
c:\users\jun hyeon\desktop\deadforest\deadcreator\cocos2d\cocos\editor-support\spine\proj.win32\x64\debug\animationstate.obj
c:\users\jun hyeon\desktop\deadforest\deadcreator\cocos2d\cocos\editor-support\spine\proj.win32\x64\debug\attachmentloader.obj
c:\users\jun hyeon\desktop\deadforest\deadcreator\cocos2d\cocos\editor-support\spine\proj.win32\x64\debug\event.obj
c:\users\jun hyeon\desktop\deadforest\deadcreator\cocos2d\cocos\editor-support\spine\proj.win32\x64\debug\ikconstraintdata.obj
c:\users\jun hyeon\desktop\deadforest\deadcreator\cocos2d\cocos\editor-support\spine\proj.win32\x64\debug\meshattachment.obj
c:\users\jun hyeon\desktop\deadforest\deadcreator\cocos2d\cocos\editor-support\spine\proj.win32\x64\debug\skeletonjson.obj
c:\users\jun hyeon\desktop\deadforest\deadcreator\cocos2d\cocos\editor-support\spine\proj.win32\x64\debug\atlas.obj
c:\users\jun hyeon\desktop\deadforest\deadcreator\cocos2d\cocos\editor-support\spine\proj.win32\x64\debug\attachment.obj
c:\users\jun hyeon\desktop\deadforest\deadcreator\cocos2d\cocos\editor-support\spine\proj.win32\x64\debug\bonedata.obj
c:\users\jun hyeon\desktop\deadforest\deadcreator\cocos2d\cocos\editor-support\spine\proj.win32\x64\debug\extension.obj
c:\users\jun hyeon\desktop\deadforest\deadcreator\cocos2d\cocos\editor-support\spine\proj.win32\x64\debug\regionattachment.obj
c:\users\jun hyeon\desktop\deadforest\deadcreator\cocos2d\cocos\editor-support\spine\proj.win32\x64\debug\skeletondata.obj
c:\users\jun hyeon\desktop\deadforest\deadcreator\cocos2d\cocos\editor-support\spine\proj.win32\x64\debug\slot.obj
c:\users\jun hyeon\desktop\deadforest\deadcreator\cocos2d\cocos\editor-support\spine\proj.win32\x64\debug\animationstatedata.obj
c:\users\jun hyeon\desktop\deadforest\deadcreator\cocos2d\cocos\editor-support\spine\proj.win32\x64\debug\atlasattachmentloader.obj
c:\users\jun hyeon\desktop\deadforest\deadcreator\cocos2d\cocos\editor-support\spine\proj.win32\x64\debug\boundingboxattachment.obj
c:\users\jun hyeon\desktop\deadforest\deadcreator\cocos2d\cocos\editor-support\spine\proj.win32\x64\debug\ikconstraint.obj
c:\users\jun hyeon\desktop\deadforest\deadcreator\cocos2d\cocos\editor-support\spine\proj.win32\x64\debug\skeleton.obj
c:\users\jun hyeon\desktop\deadforest\deadcreator\cocos2d\cocos\editor-support\spine\proj.win32\x64\debug\skin.obj
c:\users\jun hyeon\desktop\deadforest\deadcreator\cocos2d\cocos\editor-support\spine\proj.win32\x64\debug\slotdata.obj
c:\users\jun hyeon\desktop\deadforest\deadcreator\cocos2d\cocos\editor-support\spine\proj.win32\x64\debug\libspine.pdb
c:\users\jun hyeon\desktop\deadforest\deadcreator\cocos2d\cocos\editor-support\spine\proj.win32\x64\debug\skeletonrenderer.obj
c:\users\jun hyeon\desktop\deadforest\deadcreator\cocos2d\cocos\editor-support\spine\proj.win32\x64\debug\polygonbatch.obj
c:\users\jun hyeon\desktop\deadforest\deadcreator\cocos2d\cocos\editor-support\spine\proj.win32\x64\debug\skeletonanimation.obj
c:\users\jun hyeon\desktop\deadforest\deadcreator\cocos2d\cocos\editor-support\spine\proj.win32\x64\debug\spine-cocos2dx.obj
c:\users\jun hyeon\desktop\deadforest\deadcreator\proj.win32\x64\debug\libspine.lib
c:\users\jun hyeon\desktop\deadforest\deadcreator\cocos2d\cocos\editor-support\spine\proj.win32\x64\debug\libspine.idb
c:\users\jun hyeon\desktop\deadforest\deadcreator\cocos2d\cocos\editor-support\spine\proj.win32\x64\debug\libspine.tlog\cl.command.1.tlog
c:\users\jun hyeon\desktop\deadforest\deadcreator\cocos2d\cocos\editor-support\spine\proj.win32\x64\debug\libspine.tlog\cl.read.1.tlog
c:\users\jun hyeon\desktop\deadforest\deadcreator\cocos2d\cocos\editor-support\spine\proj.win32\x64\debug\libspine.tlog\cl.write.1.tlog
c:\users\jun hyeon\desktop\deadforest\deadcreator\cocos2d\cocos\editor-support\spine\proj.win32\x64\debug\libspine.tlog\lib-link.read.1.tlog
c:\users\jun hyeon\desktop\deadforest\deadcreator\cocos2d\cocos\editor-support\spine\proj.win32\x64\debug\libspine.tlog\lib-link.write.1.tlog
c:\users\jun hyeon\desktop\deadforest\deadcreator\cocos2d\cocos\editor-support\spine\proj.win32\x64\debug\libspine.tlog\lib.command.1.tlog
